<?xml version="1.0" encoding="UTF-8"?>
<testsuite name="com.mosscorp.market.handler.PutItemTest" tests="1" skipped="0" failures="0" errors="0" timestamp="2021-01-10T15:25:09" hostname="My-Laptop.local" time="0.0">
  <properties/>
  <testcase name="nullRequestTest" classname="com.mosscorp.market.handler.PutItemTest" time="0.0"/>
  <system-out><![CDATA[]]></system-out>
  <system-err><![CDATA[]]></system-err>
</testsuite>
